{"C:\\Users\\Admin\\Desktop\\Verto\\backend\\server.js": {"path":"C:\\Users\\Admin\\Desktop\\Verto\\backend\\server.js","statementMap":{"0":{"start":{"line":1,"column":16},"end":{"line":1,"column":34}},"1":{"start":{"line":2,"column":13},"end":{"line":2,"column":28}},"2":{"start":{"line":3,"column":12},"end":{"line":3,"column":21}},"3":{"start":{"line":6,"column":20},"end":{"line":10,"column":1}},"4":{"start":{"line":12,"column":0},"end":{"line":12,"column":27}},"5":{"start":{"line":13,"column":0},"end":{"line":13,"column":24}},"6":{"start":{"line":14,"column":0},"end":{"line":14,"column":48}},"7":{"start":{"line":16,"column":26},"end":{"line":27,"column":1}},"8":{"start":{"line":30,"column":29},"end":{"line":40,"column":1}},"9":{"start":{"line":43,"column":19},"end":{"line":52,"column":1}},"10":{"start":{"line":55,"column":22},"end":{"line":65,"column":1}},"11":{"start":{"line":67,"column":22},"end":{"line":79,"column":1}},"12":{"start":{"line":82,"column":28},"end":{"line":93,"column":1}},"13":{"start":{"line":96,"column":27},"end":{"line":133,"column":1}},"14":{"start":{"line":97,"column":22},"end":{"line":107,"column":3}},"15":{"start":{"line":110,"column":2},"end":{"line":132,"column":5}},"16":{"start":{"line":112,"column":19},"end":{"line":112,"column":31}},"17":{"start":{"line":113,"column":4},"end":{"line":117,"column":5}},"18":{"start":{"line":114,"column":6},"end":{"line":114,"column":30}},"19":{"start":{"line":115,"column":11},"end":{"line":117,"column":5}},"20":{"start":{"line":116,"column":6},"end":{"line":116,"column":31}},"21":{"start":{"line":119,"column":21},"end":{"line":119,"column":71}},"22":{"start":{"line":120,"column":24},"end":{"line":120,"column":71}},"23":{"start":{"line":121,"column":21},"end":{"line":121,"column":81}},"24":{"start":{"line":122,"column":24},"end":{"line":122,"column":93}},"25":{"start":{"line":124,"column":4},"end":{"line":131,"column":6}},"26":{"start":{"line":136,"column":15},"end":{"line":136,"column":35}},"27":{"start":{"line":137,"column":0},"end":{"line":137,"column":49}},"28":{"start":{"line":140,"column":19},"end":{"line":140,"column":62}},"29":{"start":{"line":140,"column":38},"end":{"line":140,"column":61}},"30":{"start":{"line":141,"column":0},"end":{"line":151,"column":1}},"31":{"start":{"line":142,"column":2},"end":{"line":148,"column":5}},"32":{"start":{"line":150,"column":2},"end":{"line":150,"column":64}},"33":{"start":{"line":154,"column":0},"end":{"line":161,"column":3}},"34":{"start":{"line":155,"column":2},"end":{"line":160,"column":3}},"35":{"start":{"line":156,"column":4},"end":{"line":156,"column":23}},"36":{"start":{"line":158,"column":4},"end":{"line":158,"column":53}},"37":{"start":{"line":159,"column":4},"end":{"line":159,"column":66}},"38":{"start":{"line":164,"column":0},"end":{"line":221,"column":3}},"39":{"start":{"line":165,"column":2},"end":{"line":220,"column":3}},"40":{"start":{"line":166,"column":27},"end":{"line":166,"column":29}},"41":{"start":{"line":167,"column":30},"end":{"line":167,"column":32}},"42":{"start":{"line":170,"column":4},"end":{"line":208,"column":7}},"43":{"start":{"line":171,"column":6},"end":{"line":207,"column":7}},"44":{"start":{"line":173,"column":8},"end":{"line":182,"column":9}},"45":{"start":{"line":174,"column":10},"end":{"line":181,"column":12}},"46":{"start":{"line":185,"column":8},"end":{"line":185,"column":56}},"47":{"start":{"line":188,"column":8},"end":{"line":206,"column":9}},"48":{"start":{"line":189,"column":25},"end":{"line":189,"column":58}},"49":{"start":{"line":192,"column":10},"end":{"line":199,"column":11}},"50":{"start":{"line":193,"column":12},"end":{"line":198,"column":14}},"51":{"start":{"line":202,"column":10},"end":{"line":202,"column":80}},"52":{"start":{"line":205,"column":10},"end":{"line":205,"column":75}},"53":{"start":{"line":211,"column":28},"end":{"line":214,"column":7}},"54":{"start":{"line":211,"column":75},"end":{"line":214,"column":5}},"55":{"start":{"line":216,"column":4},"end":{"line":216,"column":30}},"56":{"start":{"line":218,"column":4},"end":{"line":218,"column":55}},"57":{"start":{"line":219,"column":4},"end":{"line":219,"column":68}},"58":{"start":{"line":224,"column":0},"end":{"line":241,"column":3}},"59":{"start":{"line":225,"column":2},"end":{"line":240,"column":3}},"60":{"start":{"line":226,"column":21},"end":{"line":226,"column":29}},"61":{"start":{"line":227,"column":4},"end":{"line":229,"column":5}},"62":{"start":{"line":228,"column":6},"end":{"line":228,"column":68}},"63":{"start":{"line":231,"column":4},"end":{"line":231,"column":45}},"64":{"start":{"line":232,"column":4},"end":{"line":236,"column":7}},"65":{"start":{"line":238,"column":4},"end":{"line":238,"column":44}},"66":{"start":{"line":239,"column":4},"end":{"line":239,"column":57}},"67":{"start":{"line":247,"column":12},"end":{"line":251,"column":1}},"68":{"start":{"line":248,"column":2},"end":{"line":250,"column":3}},"69":{"start":{"line":249,"column":4},"end":{"line":249,"column":25}},"70":{"start":{"line":254,"column":20},"end":{"line":263,"column":1}},"71":{"start":{"line":255,"column":2},"end":{"line":261,"column":3}},"72":{"start":{"line":256,"column":17},"end":{"line":256,"column":41}},"73":{"start":{"line":257,"column":4},"end":{"line":260,"column":7}},"74":{"start":{"line":258,"column":6},"end":{"line":258,"column":47}},"75":{"start":{"line":259,"column":6},"end":{"line":259,"column":59}},"76":{"start":{"line":262,"column":2},"end":{"line":262,"column":16}},"77":{"start":{"line":266,"column":0},"end":{"line":268,"column":1}},"78":{"start":{"line":267,"column":2},"end":{"line":267,"column":16}},"79":{"start":{"line":271,"column":0},"end":{"line":278,"column":3}},"80":{"start":{"line":272,"column":2},"end":{"line":272,"column":45}},"81":{"start":{"line":273,"column":2},"end":{"line":277,"column":3}},"82":{"start":{"line":274,"column":4},"end":{"line":274,"column":40}},"83":{"start":{"line":274,"column":23},"end":{"line":274,"column":38}},"84":{"start":{"line":276,"column":4},"end":{"line":276,"column":20}},"85":{"start":{"line":281,"column":0},"end":{"line":281,"column":21}}},"fnMap":{"0":{"name":"(anonymous_0)","decl":{"start":{"line":96,"column":27},"end":{"line":96,"column":28}},"loc":{"start":{"line":96,"column":33},"end":{"line":133,"column":1}},"line":96},"1":{"name":"(anonymous_1)","decl":{"start":{"line":110,"column":25},"end":{"line":110,"column":26}},"loc":{"start":{"line":110,"column":36},"end":{"line":132,"column":3}},"line":110},"2":{"name":"(anonymous_2)","decl":{"start":{"line":140,"column":33},"end":{"line":140,"column":34}},"loc":{"start":{"line":140,"column":38},"end":{"line":140,"column":61}},"line":140},"3":{"name":"(anonymous_3)","decl":{"start":{"line":154,"column":25},"end":{"line":154,"column":26}},"loc":{"start":{"line":154,"column":39},"end":{"line":161,"column":1}},"line":154},"4":{"name":"(anonymous_4)","decl":{"start":{"line":164,"column":27},"end":{"line":164,"column":28}},"loc":{"start":{"line":164,"column":41},"end":{"line":221,"column":1}},"line":164},"5":{"name":"(anonymous_5)","decl":{"start":{"line":170,"column":21},"end":{"line":170,"column":22}},"loc":{"start":{"line":170,"column":32},"end":{"line":208,"column":5}},"line":170},"6":{"name":"(anonymous_6)","decl":{"start":{"line":211,"column":62},"end":{"line":211,"column":63}},"loc":{"start":{"line":211,"column":75},"end":{"line":214,"column":5}},"line":211},"7":{"name":"(anonymous_7)","decl":{"start":{"line":224,"column":26},"end":{"line":224,"column":27}},"loc":{"start":{"line":224,"column":40},"end":{"line":241,"column":1}},"line":224},"8":{"name":"(anonymous_8)","decl":{"start":{"line":247,"column":12},"end":{"line":247,"column":13}},"loc":{"start":{"line":247,"column":25},"end":{"line":251,"column":1}},"line":247},"9":{"name":"(anonymous_9)","decl":{"start":{"line":254,"column":20},"end":{"line":254,"column":21}},"loc":{"start":{"line":254,"column":26},"end":{"line":263,"column":1}},"line":254},"10":{"name":"(anonymous_10)","decl":{"start":{"line":257,"column":41},"end":{"line":257,"column":42}},"loc":{"start":{"line":257,"column":47},"end":{"line":260,"column":5}},"line":257},"11":{"name":"(anonymous_11)","decl":{"start":{"line":271,"column":33},"end":{"line":271,"column":34}},"loc":{"start":{"line":271,"column":42},"end":{"line":278,"column":1}},"line":271},"12":{"name":"(anonymous_12)","decl":{"start":{"line":274,"column":17},"end":{"line":274,"column":18}},"loc":{"start":{"line":274,"column":23},"end":{"line":274,"column":38}},"line":274}},"branchMap":{"0":{"loc":{"start":{"line":113,"column":4},"end":{"line":117,"column":5}},"type":"if","locations":[{"start":{"line":113,"column":4},"end":{"line":117,"column":5}},{"start":{"line":115,"column":11},"end":{"line":117,"column":5}}],"line":113},"1":{"loc":{"start":{"line":115,"column":11},"end":{"line":117,"column":5}},"type":"if","locations":[{"start":{"line":115,"column":11},"end":{"line":117,"column":5}},{"start":{},"end":{}}],"line":115},"2":{"loc":{"start":{"line":115,"column":15},"end":{"line":115,"column":78}},"type":"binary-expr","locations":[{"start":{"line":115,"column":15},"end":{"line":115,"column":45}},{"start":{"line":115,"column":49},"end":{"line":115,"column":78}}],"line":115},"3":{"loc":{"start":{"line":119,"column":21},"end":{"line":119,"column":71}},"type":"binary-expr","locations":[{"start":{"line":119,"column":21},"end":{"line":119,"column":52}},{"start":{"line":119,"column":56},"end":{"line":119,"column":71}}],"line":119},"4":{"loc":{"start":{"line":120,"column":24},"end":{"line":120,"column":71}},"type":"binary-expr","locations":[{"start":{"line":120,"column":24},"end":{"line":120,"column":58}},{"start":{"line":120,"column":62},"end":{"line":120,"column":71}}],"line":120},"5":{"loc":{"start":{"line":121,"column":21},"end":{"line":121,"column":81}},"type":"binary-expr","locations":[{"start":{"line":121,"column":21},"end":{"line":121,"column":44}},{"start":{"line":121,"column":48},"end":{"line":121,"column":81}}],"line":121},"6":{"loc":{"start":{"line":122,"column":24},"end":{"line":122,"column":93}},"type":"binary-expr","locations":[{"start":{"line":122,"column":24},"end":{"line":122,"column":57}},{"start":{"line":122,"column":61},"end":{"line":122,"column":93}}],"line":122},"7":{"loc":{"start":{"line":141,"column":0},"end":{"line":151,"column":1}},"type":"if","locations":[{"start":{"line":141,"column":0},"end":{"line":151,"column":1}},{"start":{"line":149,"column":7},"end":{"line":151,"column":1}}],"line":141},"8":{"loc":{"start":{"line":171,"column":6},"end":{"line":207,"column":7}},"type":"if","locations":[{"start":{"line":171,"column":6},"end":{"line":207,"column":7}},{"start":{},"end":{}}],"line":171},"9":{"loc":{"start":{"line":173,"column":8},"end":{"line":182,"column":9}},"type":"if","locations":[{"start":{"line":173,"column":8},"end":{"line":182,"column":9}},{"start":{},"end":{}}],"line":173},"10":{"loc":{"start":{"line":177,"column":25},"end":{"line":177,"column":100}},"type":"binary-expr","locations":[{"start":{"line":177,"column":25},"end":{"line":177,"column":66}},{"start":{"line":177,"column":70},"end":{"line":177,"column":100}}],"line":177},"11":{"loc":{"start":{"line":188,"column":8},"end":{"line":206,"column":9}},"type":"if","locations":[{"start":{"line":188,"column":8},"end":{"line":206,"column":9}},{"start":{},"end":{}}],"line":188},"12":{"loc":{"start":{"line":192,"column":10},"end":{"line":199,"column":11}},"type":"if","locations":[{"start":{"line":192,"column":10},"end":{"line":199,"column":11}},{"start":{},"end":{}}],"line":192},"13":{"loc":{"start":{"line":205,"column":39},"end":{"line":205,"column":69}},"type":"binary-expr","locations":[{"start":{"line":205,"column":39},"end":{"line":205,"column":64}},{"start":{"line":205,"column":68},"end":{"line":205,"column":69}}],"line":205},"14":{"loc":{"start":{"line":227,"column":4},"end":{"line":229,"column":5}},"type":"if","locations":[{"start":{"line":227,"column":4},"end":{"line":229,"column":5}},{"start":{},"end":{}}],"line":227},"15":{"loc":{"start":{"line":227,"column":8},"end":{"line":227,"column":37}},"type":"binary-expr","locations":[{"start":{"line":227,"column":8},"end":{"line":227,"column":13}},{"start":{"line":227,"column":17},"end":{"line":227,"column":37}}],"line":227},"16":{"loc":{"start":{"line":248,"column":2},"end":{"line":250,"column":3}},"type":"if","locations":[{"start":{"line":248,"column":2},"end":{"line":250,"column":3}},{"start":{},"end":{}}],"line":248},"17":{"loc":{"start":{"line":255,"column":2},"end":{"line":261,"column":3}},"type":"if","locations":[{"start":{"line":255,"column":2},"end":{"line":261,"column":3}},{"start":{},"end":{}}],"line":255},"18":{"loc":{"start":{"line":256,"column":17},"end":{"line":256,"column":41}},"type":"binary-expr","locations":[{"start":{"line":256,"column":17},"end":{"line":256,"column":33}},{"start":{"line":256,"column":37},"end":{"line":256,"column":41}}],"line":256},"19":{"loc":{"start":{"line":266,"column":0},"end":{"line":268,"column":1}},"type":"if","locations":[{"start":{"line":266,"column":0},"end":{"line":268,"column":1}},{"start":{},"end":{}}],"line":266},"20":{"loc":{"start":{"line":273,"column":2},"end":{"line":277,"column":3}},"type":"if","locations":[{"start":{"line":273,"column":2},"end":{"line":277,"column":3}},{"start":{"line":275,"column":9},"end":{"line":277,"column":3}}],"line":273}},"s":{"0":1,"1":1,"2":1,"3":1,"4":1,"5":1,"6":1,"7":1,"8":1,"9":1,"10":1,"11":1,"12":1,"13":1,"14":1,"15":1,"16":9,"17":9,"18":1,"19":8,"20":0,"21":9,"22":9,"23":9,"24":9,"25":9,"26":1,"27":1,"28":1,"29":7,"30":1,"31":1,"32":0,"33":1,"34":1,"35":1,"36":0,"37":0,"38":1,"39":0,"40":0,"41":0,"42":0,"43":0,"44":0,"45":0,"46":0,"47":0,"48":0,"49":0,"50":0,"51":0,"52":0,"53":0,"54":0,"55":0,"56":0,"57":0,"58":1,"59":0,"60":0,"61":0,"62":0,"63":0,"64":0,"65":0,"66":0,"67":1,"68":0,"69":0,"70":1,"71":0,"72":0,"73":0,"74":0,"75":0,"76":0,"77":1,"78":0,"79":1,"80":0,"81":0,"82":0,"83":0,"84":0,"85":1},"f":{"0":1,"1":9,"2":7,"3":1,"4":0,"5":0,"6":0,"7":0,"8":0,"9":0,"10":0,"11":0,"12":0},"b":{"0":[1,8],"1":[0,8],"2":[8,8],"3":[9,0],"4":[9,0],"5":[9,0],"6":[9,0],"7":[1,0],"8":[0,0],"9":[0,0],"10":[0,0],"11":[0,0],"12":[0,0],"13":[0,0],"14":[0,0],"15":[0,0],"16":[0,0],"17":[0,0],"18":[0,0],"19":[0,1],"20":[0,0]},"_coverageSchema":"1a1c01bbd47fc00a2c39e90264f33305004495a9","hash":"4ae9b7a8094353b0e13a9a7675433fac72c2e435"}
}
