TN:
SF:server.js
FN:96,(anonymous_0)
FN:110,(anonymous_1)
FN:140,(anonymous_2)
FN:154,(anonymous_3)
FN:164,(anonymous_4)
FN:170,(anonymous_5)
FN:211,(anonymous_6)
FN:224,(anonymous_7)
FN:247,(anonymous_8)
FN:254,(anonymous_9)
FN:257,(anonymous_10)
FN:271,(anonymous_11)
FN:274,(anonymous_12)
FNF:13
FNH:4
FNDA:1,(anonymous_0)
FNDA:9,(anonymous_1)
FNDA:7,(anonymous_2)
FNDA:1,(anonymous_3)
FNDA:0,(anonymous_4)
FNDA:0,(anonymous_5)
FNDA:0,(anonymous_6)
FNDA:0,(anonymous_7)
FNDA:0,(anonymous_8)
FNDA:0,(anonymous_9)
FNDA:0,(anonymous_10)
FNDA:0,(anonymous_11)
FNDA:0,(anonymous_12)
DA:1,1
DA:2,1
DA:3,1
DA:6,1
DA:12,1
DA:13,1
DA:14,1
DA:16,1
DA:30,1
DA:43,1
DA:55,1
DA:67,1
DA:82,1
DA:96,1
DA:97,1
DA:110,1
DA:112,9
DA:113,9
DA:114,1
DA:115,8
DA:116,0
DA:119,9
DA:120,9
DA:121,9
DA:122,9
DA:124,9
DA:136,1
DA:137,1
DA:140,7
DA:141,1
DA:142,1
DA:150,0
DA:154,1
DA:155,1
DA:156,1
DA:158,0
DA:159,0
DA:164,1
DA:165,0
DA:166,0
DA:167,0
DA:170,0
DA:171,0
DA:173,0
DA:174,0
DA:185,0
DA:188,0
DA:189,0
DA:192,0
DA:193,0
DA:202,0
DA:205,0
DA:211,0
DA:216,0
DA:218,0
DA:219,0
DA:224,1
DA:225,0
DA:226,0
DA:227,0
DA:228,0
DA:231,0
DA:232,0
DA:238,0
DA:239,0
DA:247,1
DA:248,0
DA:249,0
DA:254,1
DA:255,0
DA:256,0
DA:257,0
DA:258,0
DA:259,0
DA:262,0
DA:266,1
DA:267,0
DA:271,1
DA:272,0
DA:273,0
DA:274,0
DA:276,0
DA:281,1
LF:83
LH:40
BRDA:113,0,0,1
BRDA:113,0,1,8
BRDA:115,1,0,0
BRDA:115,1,1,8
BRDA:115,2,0,8
BRDA:115,2,1,8
BRDA:119,3,0,9
BRDA:119,3,1,0
BRDA:120,4,0,9
BRDA:120,4,1,0
BRDA:121,5,0,9
BRDA:121,5,1,0
BRDA:122,6,0,9
BRDA:122,6,1,0
BRDA:141,7,0,1
BRDA:141,7,1,0
BRDA:171,8,0,0
BRDA:171,8,1,0
BRDA:173,9,0,0
BRDA:173,9,1,0
BRDA:177,10,0,0
BRDA:177,10,1,0
BRDA:188,11,0,0
BRDA:188,11,1,0
BRDA:192,12,0,0
BRDA:192,12,1,0
BRDA:205,13,0,0
BRDA:205,13,1,0
BRDA:227,14,0,0
BRDA:227,14,1,0
BRDA:227,15,0,0
BRDA:227,15,1,0
BRDA:248,16,0,0
BRDA:248,16,1,0
BRDA:255,17,0,0
BRDA:255,17,1,0
BRDA:256,18,0,0
BRDA:256,18,1,0
BRDA:266,19,0,0
BRDA:266,19,1,1
BRDA:273,20,0,0
BRDA:273,20,1,0
BRF:42
BRH:11
end_of_record
